#
# A fatal error has been detected by the Java Runtime Environment:
#
#  EXCEPTION_ACCESS_VIOLATION (0xc0000005) at pc=0x00007ffe1b391699, pid=37152, tid=37972
#
# JRE version: OpenJDK Runtime Environment Corretto-16.0.2.7.1 (16.0.2+7) (build 16.0.2+7)
# Java VM: OpenJDK 64-Bit Server VM Corretto-16.0.2.7.1 (16.0.2+7, mixed mode, sharing, tiered, compressed oops, compressed class ptrs, g1 gc, windows-amd64)
# Problematic frame:
# C  [VCRUNTIME140.dll+0x1699]
#
# No core dump will be written. Minidumps are not enabled by default on client versions of Windows
#
# If you would like to submit a bug report, please visit:
#   https://github.com/corretto/corretto-jdk/issues/
#

---------------  S U M M A R Y ------------

Command Line: -Dmaven.multiModuleProjectDirectory=D:\Coding\Projects\Java\Minecraft\Plugins\ChestShop-3 -Djansi.passthrough=true -Dmaven.home=C:\Program Files\JetBrains\IntelliJ IDEA Community Edition 2024.2\plugins\maven\lib\maven3 -Dclassworlds.conf=C:\Program Files\JetBrains\IntelliJ IDEA Community Edition 2024.2\plugins\maven\lib\maven3\bin\m2.conf -Dmaven.ext.class.path=C:\Program Files\JetBrains\IntelliJ IDEA Community Edition 2024.2\plugins\maven\lib\maven-event-listener.jar -javaagent:C:\Program Files\JetBrains\IntelliJ IDEA Community Edition 2024.2\lib\idea_rt.jar=54865:C:\Program Files\JetBrains\IntelliJ IDEA Community Edition 2024.2\bin -Dfile.encoding=UTF-8 org.codehaus.classworlds.Launcher -Didea.version=2024.2 package

Host: Intel(R) Core(TM) i9-14900KS, 32 cores, 63G,  Windows 10 , 64 bit Build 26100 (10.0.26100.3912)
Time: Thu May 29 10:33:48 2025 GMT Summer Time elapsed time: 1.902160 seconds (0d 0h 0m 1s)

---------------  T H R E A D  ---------------

Current thread (0x000001b5b0c600f0):  JavaThread "C2 CompilerThread3" daemon [_thread_in_native, id=37972, stack(0x00000054dfa00000,0x00000054dfb00000)]


Current CompileTask:
C2:   1902 3860       4       org.codehaus.plexus.util.xml.Xpp3Dom::<init> (125 bytes)

Stack: [0x00000054dfa00000,0x00000054dfb00000],  sp=0x00000054dfafa4a0,  free space=1001k
Native frames: (J=compiled Java code, j=interpreted, Vv=VM code, C=native code)
C  [VCRUNTIME140.dll+0x1699]
V  [jvm.dll+0x7db59a]
V  [jvm.dll+0x55c11d]
V  [jvm.dll+0x55916e]
V  [jvm.dll+0x558f84]
V  [jvm.dll+0x5582c7]
V  [jvm.dll+0x21922f]
V  [jvm.dll+0x212689]
V  [jvm.dll+0x20fe07]
V  [jvm.dll+0x1a0d9b]
V  [jvm.dll+0x21f909]
V  [jvm.dll+0x21da9b]
V  [jvm.dll+0x7a8662]
V  [jvm.dll+0x7a223a]
V  [jvm.dll+0x646c46]
C  [ucrtbase.dll+0x37b0]
C  [KERNEL32.DLL+0x2e8d7]
C  [ntdll.dll+0x9c5dc]


siginfo: EXCEPTION_ACCESS_VIOLATION (0xc0000005), writing address 0x0000000000000008


Register to memory mapping:

RIP=0x00007ffe1b391699 VCRUNTIME140.dll
RAX=0x0 is NULL
RBX=0x0000000000000040 is an unknown value
RCX=0x00000000000000f8 is an unknown value
RDX=0x0 is NULL
RSP=0x00000054dfafa4a0 is pointing into the stack for thread: 0x000001b5b0c600f0
RBP=0x00000054dfafa569 is pointing into the stack for thread: 0x000001b5b0c600f0
RSI=0x000001b5b026bc10 points into unknown readable memory: 0x00007ffd8f8ce130 | 30 e1 8c 8f fd 7f 00 00
RDI=0x0000000000000008 is an unknown value
R8 =0x00000000000000f8 is an unknown value
R9 =0x0 is NULL
R10=0x000001b5b0426e80 points into unknown readable memory: 0x0000000000000000 | 00 00 00 00 00 00 00 00
R11=0x0000000000000008 is an unknown value
R12=0x0 is NULL
R13=0x000001b5b0354820 points into unknown readable memory: 0x00007ffd8f8cdd20 | 20 dd 8c 8f fd 7f 00 00
R14=0x0000000000000521 is an unknown value
R15=0x00000054dfafaab0 is pointing into the stack for thread: 0x000001b5b0c600f0


Registers:
RAX=0x0000000000000000, RBX=0x0000000000000040, RCX=0x00000000000000f8, RDX=0x0000000000000000
RSP=0x00000054dfafa4a0, RBP=0x00000054dfafa569, RSI=0x000001b5b026bc10, RDI=0x0000000000000008
R8 =0x00000000000000f8, R9 =0x0000000000000000, R10=0x000001b5b0426e80, R11=0x0000000000000008
R12=0x0000000000000000, R13=0x000001b5b0354820, R14=0x0000000000000521, R15=0x00000054dfafaab0
RIP=0x00007ffe1b391699, EFLAGS=0x0000000000010207

Top of Stack: (sp=0x00000054dfafa4a0)
0x00000054dfafa4a0:   00000054dfafa569 00007ffd8f7db59a
0x00000054dfafa4b0:   0000000000000040 00000054dfafa569
0x00000054dfafa4c0:   000001b5b026bc10 00000054dfafa550
0x00000054dfafa4d0:   0000005400000000 000001b5b026ac58
0x00000054dfafa4e0:   000001b5b0e93d38 00007ffd8f55c11d
0x00000054dfafa4f0:   0000000000000029 000001b5b0354a48
0x00000054dfafa500:   000001b5b0452380 000001b5aefc7250
0x00000054dfafa510:   000001b500000008 0000000000000000
0x00000054dfafa520:   000001b5b02678d8 000001b5b00ac848
0x00000054dfafa530:   000001b5b0cb8b10 00007ffd00000004
0x00000054dfafa540:   000001b5b0426e60 0000000000000000
0x00000054dfafa550:   000001b500000002 000001b5b0426e90
0x00000054dfafa560:   000001b500000040 000001b5b0cb8b10
0x00000054dfafa570:   0000000000000000 0000000000000000
0x00000054dfafa580:   000001b5b02c2238 00000054dfafa6a0
0x00000054dfafa590:   00000054dfafa6c0 0000000000000001 

Instructions: (pc=0x00007ffe1b391699)
0x00007ffe1b391599:   ff ff 0f 1f 44 00 00 49 03 c8 0f 10 44 11 f0 48
0x00007ffe1b3915a9:   83 e9 10 49 83 e8 10 f6 c1 0f 74 17 48 8b c1 48
0x00007ffe1b3915b9:   83 e1 f0 0f 10 c8 0f 10 04 11 0f 11 08 4c 8b c1
0x00007ffe1b3915c9:   4d 2b c3 4d 8b c8 49 c1 e9 07 74 68 0f 29 01 eb
0x00007ffe1b3915d9:   0d 66 0f 1f 44 00 00 0f 29 41 10 0f 29 09 0f 10
0x00007ffe1b3915e9:   44 11 f0 0f 10 4c 11 e0 48 81 e9 80 00 00 00 0f
0x00007ffe1b3915f9:   29 41 70 0f 29 49 60 0f 10 44 11 50 0f 10 4c 11
0x00007ffe1b391609:   40 49 ff c9 0f 29 41 50 0f 29 49 40 0f 10 44 11
0x00007ffe1b391619:   30 0f 10 4c 11 20 0f 29 41 30 0f 29 49 20 0f 10
0x00007ffe1b391629:   44 11 10 0f 10 0c 11 75 ae 0f 29 41 10 49 83 e0
0x00007ffe1b391639:   7f 0f 28 c1 4d 8b c8 49 c1 e9 04 74 1a 66 66 0f
0x00007ffe1b391649:   1f 84 00 00 00 00 00 0f 11 01 48 83 e9 10 0f 10
0x00007ffe1b391659:   04 11 49 ff c9 75 f0 49 83 e0 0f 74 08 41 0f 10
0x00007ffe1b391669:   0a 41 0f 11 0b 0f 11 01 49 8b c3 c3 cc cc cc cc
0x00007ffe1b391679:   cc cc cc cc cc cc cc cc cc cc cc cc cc 66 66 0f
0x00007ffe1b391689:   1f 84 00 00 00 00 00 57 8b c2 48 8b f9 49 8b c8
0x00007ffe1b391699:   f3 aa 49 8b c3 5f c3 cc cc cc cc cc cc 66 66 0f
0x00007ffe1b3916a9:   1f 84 00 00 00 00 00 4c 8b d9 0f b6 d2 49 b9 01
0x00007ffe1b3916b9:   01 01 01 01 01 01 01 4c 0f af ca 49 83 f8 10 0f
0x00007ffe1b3916c9:   86 f2 00 00 00 66 49 0f 6e c1 66 0f 60 c0 49 81
0x00007ffe1b3916d9:   f8 80 00 00 00 77 10 0f ba 25 c4 fc 00 00 02 0f
0x00007ffe1b3916e9:   83 62 00 00 00 eb a0 0f ba 25 b4 fc 00 00 01 72
0x00007ffe1b3916f9:   96 0f 11 01 4c 03 c1 48 83 c1 10 48 83 e1 f0 4c
0x00007ffe1b391709:   2b c1 4d 8b c8 49 c1 e9 07 74 3c 66 66 66 66 0f
0x00007ffe1b391719:   1f 84 00 00 00 00 00 0f 29 01 0f 29 41 10 48 81
0x00007ffe1b391729:   c1 80 00 00 00 0f 29 41 a0 0f 29 41 b0 49 ff c9
0x00007ffe1b391739:   0f 29 41 c0 0f 29 41 d0 0f 29 41 e0 66 0f 29 41
0x00007ffe1b391749:   f0 75 d4 49 83 e0 7f 4d 8b c8 49 c1 e9 04 74 13
0x00007ffe1b391759:   0f 1f 80 00 00 00 00 0f 11 01 48 83 c1 10 49 ff
0x00007ffe1b391769:   c9 75 f4 49 83 e0 0f 74 06 42 0f 11 44 01 f0 49
0x00007ffe1b391779:   8b c3 c3 ee 17 00 00 eb 17 00 00 17 18 00 00 e7
0x00007ffe1b391789:   17 00 00 f4 17 00 00 04 18 00 00 14 18 00 00 e4 


Stack slot to memory mapping:
stack at sp + 0 slots: 0x00000054dfafa569 is pointing into the stack for thread: 0x000001b5b0c600f0
stack at sp + 1 slots: 0x00007ffd8f7db59a jvm.dll
stack at sp + 2 slots: 0x0000000000000040 is an unknown value
stack at sp + 3 slots: 0x00000054dfafa569 is pointing into the stack for thread: 0x000001b5b0c600f0
stack at sp + 4 slots: 0x000001b5b026bc10 points into unknown readable memory: 0x00007ffd8f8ce130 | 30 e1 8c 8f fd 7f 00 00
stack at sp + 5 slots: 0x00000054dfafa550 is pointing into the stack for thread: 0x000001b5b0c600f0
stack at sp + 6 slots: 0x0000005400000000 is an unknown value
stack at sp + 7 slots: 0x000001b5b026ac58 points into unknown readable memory: 0x00007ffd8f917a20 | 20 7a 91 8f fd 7f 00 00


---------------  P R O C E S S  ---------------

Threads class SMR info:
_java_thread_list=0x000001b5b1e4c0c0, length=24, elements={
0x000001b5ec3f0630, 0x000001b5aef130b0, 0x000001b5aef18cf0, 0x000001b5aef28910,
0x000001b5aef28f20, 0x000001b5aef2d540, 0x000001b5aef2db50, 0x000001b5aef32560,
0x000001b5aef40790, 0x000001b5aef411f0, 0x000001b5af0466f0, 0x000001b5af04cd80,
0x000001b5af04f3a0, 0x000001b5af071d80, 0x000001b5af0d9330, 0x000001b5af113db0,
0x000001b5af1142d0, 0x000001b5affec9f0, 0x000001b5b0801b90, 0x000001b5b0c600f0,
0x000001b5b0c60650, 0x000001b5b108b9f0, 0x000001b5b10bcc50, 0x000001b5b16c6e80
}

Java Threads: ( => current thread )
  0x000001b5ec3f0630 JavaThread "main" [_thread_in_native, id=39884, stack(0x00000054de000000,0x00000054de100000)]
  0x000001b5aef130b0 JavaThread "Reference Handler" daemon [_thread_blocked, id=7056, stack(0x00000054de700000,0x00000054de800000)]
  0x000001b5aef18cf0 JavaThread "Finalizer" daemon [_thread_blocked, id=33180, stack(0x00000054de800000,0x00000054de900000)]
  0x000001b5aef28910 JavaThread "Signal Dispatcher" daemon [_thread_blocked, id=30484, stack(0x00000054de900000,0x00000054dea00000)]
  0x000001b5aef28f20 JavaThread "Attach Listener" daemon [_thread_blocked, id=40732, stack(0x00000054dea00000,0x00000054deb00000)]
  0x000001b5aef2d540 JavaThread "Service Thread" daemon [_thread_blocked, id=44756, stack(0x00000054deb00000,0x00000054dec00000)]
  0x000001b5aef2db50 JavaThread "Monitor Deflation Thread" daemon [_thread_blocked, id=37516, stack(0x00000054dec00000,0x00000054ded00000)]
  0x000001b5aef32560 JavaThread "C2 CompilerThread0" daemon [_thread_in_native, id=628, stack(0x00000054ded00000,0x00000054dee00000)]
  0x000001b5aef40790 JavaThread "C1 CompilerThread0" daemon [_thread_blocked, id=14416, stack(0x00000054dee00000,0x00000054def00000)]
  0x000001b5aef411f0 JavaThread "Sweeper thread" daemon [_thread_blocked, id=34980, stack(0x00000054def00000,0x00000054df000000)]
  0x000001b5af0466f0 JavaThread "Common-Cleaner" daemon [_thread_blocked, id=39348, stack(0x00000054df000000,0x00000054df100000)]
  0x000001b5af04cd80 JavaThread "C1 CompilerThread1" daemon [_thread_blocked, id=43972, stack(0x00000054df100000,0x00000054df200000)]
  0x000001b5af04f3a0 JavaThread "C1 CompilerThread2" daemon [_thread_blocked, id=29028, stack(0x00000054df200000,0x00000054df300000)]
  0x000001b5af071d80 JavaThread "C1 CompilerThread3" daemon [_thread_blocked, id=15568, stack(0x00000054df300000,0x00000054df400000)]
  0x000001b5af0d9330 JavaThread "C2 CompilerThread1" daemon [_thread_in_native, id=39992, stack(0x00000054df400000,0x00000054df500000)]
  0x000001b5af113db0 JavaThread "Monitor Ctrl-Break" daemon [_thread_in_native, id=30168, stack(0x00000054df500000,0x00000054df600000)]
  0x000001b5af1142d0 JavaThread "Notification Thread" daemon [_thread_blocked, id=16036, stack(0x00000054df600000,0x00000054df700000)]
  0x000001b5affec9f0 JavaThread "C1 CompilerThread4" daemon [_thread_blocked, id=44924, stack(0x00000054df800000,0x00000054df900000)]
  0x000001b5b0801b90 JavaThread "C2 CompilerThread2" daemon [_thread_in_vm, id=44688, stack(0x00000054df900000,0x00000054dfa00000)]
=>0x000001b5b0c600f0 JavaThread "C2 CompilerThread3" daemon [_thread_in_native, id=37972, stack(0x00000054dfa00000,0x00000054dfb00000)]
  0x000001b5b0c60650 JavaThread "C2 CompilerThread4" daemon [_thread_in_native, id=43340, stack(0x00000054dfb00000,0x00000054dfc00000)]
  0x000001b5b108b9f0 JavaThread "C2 CompilerThread5" daemon [_thread_in_native, id=43896, stack(0x00000054dfc00000,0x00000054dfd00000)]
  0x000001b5b10bcc50 JavaThread "C2 CompilerThread6" daemon [_thread_in_native, id=23488, stack(0x00000054dfd00000,0x00000054dfe00000)]
  0x000001b5b16c6e80 JavaThread "Thread-1" daemon [_thread_blocked, id=44492, stack(0x00000054e1400000,0x00000054e1500000)]

Other Threads:
  0x000001b5aef0b190 VMThread "VM Thread" [stack: 0x00000054de600000,0x00000054de700000] [id=35672]
  0x000001b5af115000 WatcherThread [stack: 0x00000054df700000,0x00000054df800000] [id=17264]
  0x000001b5ec4a9370 GCTaskThread "GC Thread#0" [stack: 0x00000054de100000,0x00000054de200000] [id=29576]
  0x000001b5b15d6070 GCTaskThread "GC Thread#1" [stack: 0x00000054dfe00000,0x00000054dff00000] [id=42256]
  0x000001b5b15d6380 GCTaskThread "GC Thread#2" [stack: 0x00000054dff00000,0x00000054e0000000] [id=1972]
  0x000001b5b03fcc20 GCTaskThread "GC Thread#3" [stack: 0x00000054e0000000,0x00000054e0100000] [id=14940]
  0x000001b5b05fcf40 GCTaskThread "GC Thread#4" [stack: 0x00000054e0100000,0x00000054e0200000] [id=3492]
  0x000001b5b05fd6d0 GCTaskThread "GC Thread#5" [stack: 0x00000054e0200000,0x00000054e0300000] [id=40492]
  0x000001b5b0ad6c40 GCTaskThread "GC Thread#6" [stack: 0x00000054e0300000,0x00000054e0400000] [id=41048]
  0x000001b5b0ad6f50 GCTaskThread "GC Thread#7" [stack: 0x00000054e0400000,0x00000054e0500000] [id=42544]
  0x000001b5b0ad81b0 GCTaskThread "GC Thread#8" [stack: 0x00000054e0500000,0x00000054e0600000] [id=43436]
  0x000001b5b0ad7570 GCTaskThread "GC Thread#9" [stack: 0x00000054e0600000,0x00000054e0700000] [id=15960]
  0x000001b5b0ad7260 GCTaskThread "GC Thread#10" [stack: 0x00000054e0700000,0x00000054e0800000] [id=17476]
  0x000001b5b0ad84c0 GCTaskThread "GC Thread#11" [stack: 0x00000054e0800000,0x00000054e0900000] [id=14444]
  0x000001b5b0ad7880 GCTaskThread "GC Thread#12" [stack: 0x00000054e0900000,0x00000054e0a00000] [id=36776]
  0x000001b5b0ad6930 GCTaskThread "GC Thread#13" [stack: 0x00000054e0a00000,0x00000054e0b00000] [id=38484]
  0x000001b5b0ad7b90 GCTaskThread "GC Thread#14" [stack: 0x00000054e0b00000,0x00000054e0c00000] [id=39124]
  0x000001b5b0ad7ea0 GCTaskThread "GC Thread#15" [stack: 0x00000054e0c00000,0x00000054e0d00000] [id=39372]
  0x000001b5b126c680 GCTaskThread "GC Thread#16" [stack: 0x00000054e0d00000,0x00000054e0e00000] [id=7780]
  0x000001b5b126fa90 GCTaskThread "GC Thread#17" [stack: 0x00000054e0e00000,0x00000054e0f00000] [id=36236]
  0x000001b5b126dbf0 GCTaskThread "GC Thread#18" [stack: 0x00000054e0f00000,0x00000054e1000000] [id=29560]
  0x000001b5b126f780 GCTaskThread "GC Thread#19" [stack: 0x00000054e1000000,0x00000054e1100000] [id=22328]
  0x000001b5b126ee50 GCTaskThread "GC Thread#20" [stack: 0x00000054e1100000,0x00000054e1200000] [id=41632]
  0x000001b5b12700b0 GCTaskThread "GC Thread#21" [stack: 0x00000054e1200000,0x00000054e1300000] [id=6260]
  0x000001b5b126c990 GCTaskThread "GC Thread#22" [stack: 0x00000054e1300000,0x00000054e1400000] [id=38100]
  0x000001b5ec4ba950 ConcurrentGCThread "G1 Main Marker" [stack: 0x00000054de200000,0x00000054de300000] [id=29944]
  0x000001b5ec4be9c0 ConcurrentGCThread "G1 Conc#0" [stack: 0x00000054de300000,0x00000054de400000] [id=42596]
  0x000001b5fc3b3410 ConcurrentGCThread "G1 Refine#0" [stack: 0x00000054de400000,0x00000054de500000] [id=11588]
  0x000001b5fc3b3940 ConcurrentGCThread "G1 Service" [stack: 0x00000054de500000,0x00000054de600000] [id=35456]

Threads with active compile tasks:
C2 CompilerThread0     1942 4073       4       java.util.concurrent.ConcurrentHashMap::addCount (280 bytes)
C1 CompilerThread0     1942 4084   !   3       java.util.Locale::getDefault (132 bytes)
C1 CompilerThread1     1942 4086       1       org.eclipse.aether.impl.UpdateCheck::getItem (5 bytes)
C1 CompilerThread3     1942 4085       1       sun.util.calendar.CalendarDate::setDayOfWeek (6 bytes)
C2 CompilerThread1     1942 4072 %     4       java.util.Properties$LineReader::readLine @ 53 (584 bytes)
C2 CompilerThread3     1942 3860       4       org.codehaus.plexus.util.xml.Xpp3Dom::<init> (125 bytes)
C2 CompilerThread4     1942 4069       4       java.util.Properties::loadConvert (544 bytes)
C2 CompilerThread5     1942 3970       4       org.codehaus.plexus.util.xml.pull.MXParser::parseAttribute (1429 bytes)
C2 CompilerThread6     1942 4015       4       org.codehaus.plexus.util.xml.pull.MXParser::parseStartTag (1190 bytes)

VM state: not at safepoint (normal execution)

VM Mutex/Monitor currently owned by a thread: None

Heap address: 0x0000000404800000, size: 16312 MB, Compressed Oops mode: Zero based, Oop shift amount: 3

CDS archive(s) mapped at: [0x0000000800000000-0x0000000800be0000-0x0000000800be0000), size 12451840, SharedBaseAddress: 0x0000000800000000, ArchiveRelocationMode: 0.
Compressed class space mapped at: 0x0000000800c00000-0x0000000840c00000, reserved size: 1073741824
Narrow klass base: 0x0000000800000000, Narrow klass shift: 3, Narrow klass range: 0x100000000

GC Precious Log:
 CPUs: 32 total, 32 available
 Memory: 65243M
 Large Page Support: Disabled
 NUMA Support: Disabled
 Compressed Oops: Enabled (Zero based)
 Heap Region Size: 8M
 Heap Min Capacity: 8M
 Heap Initial Capacity: 1G
 Heap Max Capacity: 16312M
 Pre-touch: Disabled
 Parallel Workers: 23
 Concurrent Workers: 6
 Concurrent Refinement Workers: 23
 Periodic GC: Disabled

Heap:
 garbage-first heap   total 1048576K, used 47857K [0x0000000404800000, 0x0000000800000000)
  region size 8192K, 7 young (57344K), 1 survivors (8192K)
 Metaspace       used 17145K, committed 17408K, reserved 1064960K
  class space    used 1924K, committed 2048K, reserved 1048576K

Heap Regions: E=young(eden), S=young(survivor), O=old, HS=humongous(starts), HC=humongous(continues), CS=collection set, F=free, OA=open archive, CA=closed archive, TAMS=top-at-mark-start (previous, next)
|   0|0x0000000404800000, 0x0000000404be4400, 0x0000000405000000| 48%| O|  |TAMS 0x0000000404800000, 0x0000000404800000| Untracked 
|   1|0x0000000405000000, 0x0000000405000000, 0x0000000405800000|  0%| F|  |TAMS 0x0000000405000000, 0x0000000405000000| Untracked 
|   2|0x0000000405800000, 0x0000000405800000, 0x0000000406000000|  0%| F|  |TAMS 0x0000000405800000, 0x0000000405800000| Untracked 
|   3|0x0000000406000000, 0x0000000406000000, 0x0000000406800000|  0%| F|  |TAMS 0x0000000406000000, 0x0000000406000000| Untracked 
|   4|0x0000000406800000, 0x0000000406800000, 0x0000000407000000|  0%| F|  |TAMS 0x0000000406800000, 0x0000000406800000| Untracked 
|   5|0x0000000407000000, 0x0000000407000000, 0x0000000407800000|  0%| F|  |TAMS 0x0000000407000000, 0x0000000407000000| Untracked 
|   6|0x0000000407800000, 0x0000000407800000, 0x0000000408000000|  0%| F|  |TAMS 0x0000000407800000, 0x0000000407800000| Untracked 
|   7|0x0000000408000000, 0x0000000408000000, 0x0000000408800000|  0%| F|  |TAMS 0x0000000408000000, 0x0000000408000000| Untracked 
|   8|0x0000000408800000, 0x0000000408800000, 0x0000000409000000|  0%| F|  |TAMS 0x0000000408800000, 0x0000000408800000| Untracked 
|   9|0x0000000409000000, 0x0000000409000000, 0x0000000409800000|  0%| F|  |TAMS 0x0000000409000000, 0x0000000409000000| Untracked 
|  10|0x0000000409800000, 0x0000000409800000, 0x000000040a000000|  0%| F|  |TAMS 0x0000000409800000, 0x0000000409800000| Untracked 
|  11|0x000000040a000000, 0x000000040a000000, 0x000000040a800000|  0%| F|  |TAMS 0x000000040a000000, 0x000000040a000000| Untracked 
|  12|0x000000040a800000, 0x000000040a800000, 0x000000040b000000|  0%| F|  |TAMS 0x000000040a800000, 0x000000040a800000| Untracked 
|  13|0x000000040b000000, 0x000000040b000000, 0x000000040b800000|  0%| F|  |TAMS 0x000000040b000000, 0x000000040b000000| Untracked 
|  14|0x000000040b800000, 0x000000040b800000, 0x000000040c000000|  0%| F|  |TAMS 0x000000040b800000, 0x000000040b800000| Untracked 
|  15|0x000000040c000000, 0x000000040c000000, 0x000000040c800000|  0%| F|  |TAMS 0x000000040c000000, 0x000000040c000000| Untracked 
|  16|0x000000040c800000, 0x000000040c800000, 0x000000040d000000|  0%| F|  |TAMS 0x000000040c800000, 0x000000040c800000| Untracked 
|  17|0x000000040d000000, 0x000000040d000000, 0x000000040d800000|  0%| F|  |TAMS 0x000000040d000000, 0x000000040d000000| Untracked 
|  18|0x000000040d800000, 0x000000040d800000, 0x000000040e000000|  0%| F|  |TAMS 0x000000040d800000, 0x000000040d800000| Untracked 
|  19|0x000000040e000000, 0x000000040e000000, 0x000000040e800000|  0%| F|  |TAMS 0x000000040e000000, 0x000000040e000000| Untracked 
|  20|0x000000040e800000, 0x000000040e800000, 0x000000040f000000|  0%| F|  |TAMS 0x000000040e800000, 0x000000040e800000| Untracked 
|  21|0x000000040f000000, 0x000000040f000000, 0x000000040f800000|  0%| F|  |TAMS 0x000000040f000000, 0x000000040f000000| Untracked 
|  22|0x000000040f800000, 0x000000040f800000, 0x0000000410000000|  0%| F|  |TAMS 0x000000040f800000, 0x000000040f800000| Untracked 
|  23|0x0000000410000000, 0x0000000410000000, 0x0000000410800000|  0%| F|  |TAMS 0x0000000410000000, 0x0000000410000000| Untracked 
|  24|0x0000000410800000, 0x0000000410800000, 0x0000000411000000|  0%| F|  |TAMS 0x0000000410800000, 0x0000000410800000| Untracked 
|  25|0x0000000411000000, 0x0000000411000000, 0x0000000411800000|  0%| F|  |TAMS 0x0000000411000000, 0x0000000411000000| Untracked 
|  26|0x0000000411800000, 0x0000000411800000, 0x0000000412000000|  0%| F|  |TAMS 0x0000000411800000, 0x0000000411800000| Untracked 
|  27|0x0000000412000000, 0x0000000412000000, 0x0000000412800000|  0%| F|  |TAMS 0x0000000412000000, 0x0000000412000000| Untracked 
|  28|0x0000000412800000, 0x0000000412800000, 0x0000000413000000|  0%| F|  |TAMS 0x0000000412800000, 0x0000000412800000| Untracked 
|  29|0x0000000413000000, 0x0000000413000000, 0x0000000413800000|  0%| F|  |TAMS 0x0000000413000000, 0x0000000413000000| Untracked 
|  30|0x0000000413800000, 0x0000000413800000, 0x0000000414000000|  0%| F|  |TAMS 0x0000000413800000, 0x0000000413800000| Untracked 
|  31|0x0000000414000000, 0x0000000414000000, 0x0000000414800000|  0%| F|  |TAMS 0x0000000414000000, 0x0000000414000000| Untracked 
|  32|0x0000000414800000, 0x0000000414800000, 0x0000000415000000|  0%| F|  |TAMS 0x0000000414800000, 0x0000000414800000| Untracked 
|  33|0x0000000415000000, 0x0000000415000000, 0x0000000415800000|  0%| F|  |TAMS 0x0000000415000000, 0x0000000415000000| Untracked 
|  34|0x0000000415800000, 0x0000000415800000, 0x0000000416000000|  0%| F|  |TAMS 0x0000000415800000, 0x0000000415800000| Untracked 
|  35|0x0000000416000000, 0x0000000416000000, 0x0000000416800000|  0%| F|  |TAMS 0x0000000416000000, 0x0000000416000000| Untracked 
|  36|0x0000000416800000, 0x0000000416800000, 0x0000000417000000|  0%| F|  |TAMS 0x0000000416800000, 0x0000000416800000| Untracked 
|  37|0x0000000417000000, 0x0000000417000000, 0x0000000417800000|  0%| F|  |TAMS 0x0000000417000000, 0x0000000417000000| Untracked 
|  38|0x0000000417800000, 0x0000000417800000, 0x0000000418000000|  0%| F|  |TAMS 0x0000000417800000, 0x0000000417800000| Untracked 
|  39|0x0000000418000000, 0x0000000418000000, 0x0000000418800000|  0%| F|  |TAMS 0x0000000418000000, 0x0000000418000000| Untracked 
|  40|0x0000000418800000, 0x0000000418800000, 0x0000000419000000|  0%| F|  |TAMS 0x0000000418800000, 0x0000000418800000| Untracked 
|  41|0x0000000419000000, 0x0000000419000000, 0x0000000419800000|  0%| F|  |TAMS 0x0000000419000000, 0x0000000419000000| Untracked 
|  42|0x0000000419800000, 0x0000000419800000, 0x000000041a000000|  0%| F|  |TAMS 0x0000000419800000, 0x0000000419800000| Untracked 
|  43|0x000000041a000000, 0x000000041a000000, 0x000000041a800000|  0%| F|  |TAMS 0x000000041a000000, 0x000000041a000000| Untracked 
|  44|0x000000041a800000, 0x000000041a800000, 0x000000041b000000|  0%| F|  |TAMS 0x000000041a800000, 0x000000041a800000| Untracked 
|  45|0x000000041b000000, 0x000000041b000000, 0x000000041b800000|  0%| F|  |TAMS 0x000000041b000000, 0x000000041b000000| Untracked 
|  46|0x000000041b800000, 0x000000041b800000, 0x000000041c000000|  0%| F|  |TAMS 0x000000041b800000, 0x000000041b800000| Untracked 
|  47|0x000000041c000000, 0x000000041c000000, 0x000000041c800000|  0%| F|  |TAMS 0x000000041c000000, 0x000000041c000000| Untracked 
|  48|0x000000041c800000, 0x000000041c800000, 0x000000041d000000|  0%| F|  |TAMS 0x000000041c800000, 0x000000041c800000| Untracked 
|  49|0x000000041d000000, 0x000000041d000000, 0x000000041d800000|  0%| F|  |TAMS 0x000000041d000000, 0x000000041d000000| Untracked 
|  50|0x000000041d800000, 0x000000041d800000, 0x000000041e000000|  0%| F|  |TAMS 0x000000041d800000, 0x000000041d800000| Untracked 
|  51|0x000000041e000000, 0x000000041e000000, 0x000000041e800000|  0%| F|  |TAMS 0x000000041e000000, 0x000000041e000000| Untracked 
|  52|0x000000041e800000, 0x000000041e800000, 0x000000041f000000|  0%| F|  |TAMS 0x000000041e800000, 0x000000041e800000| Untracked 
|  53|0x000000041f000000, 0x000000041f000000, 0x000000041f800000|  0%| F|  |TAMS 0x000000041f000000, 0x000000041f000000| Untracked 
|  54|0x000000041f800000, 0x000000041f800000, 0x0000000420000000|  0%| F|  |TAMS 0x000000041f800000, 0x000000041f800000| Untracked 
|  55|0x0000000420000000, 0x0000000420000000, 0x0000000420800000|  0%| F|  |TAMS 0x0000000420000000, 0x0000000420000000| Untracked 
|  56|0x0000000420800000, 0x0000000420800000, 0x0000000421000000|  0%| F|  |TAMS 0x0000000420800000, 0x0000000420800000| Untracked 
|  57|0x0000000421000000, 0x0000000421000000, 0x0000000421800000|  0%| F|  |TAMS 0x0000000421000000, 0x0000000421000000| Untracked 
|  58|0x0000000421800000, 0x0000000421800000, 0x0000000422000000|  0%| F|  |TAMS 0x0000000421800000, 0x0000000421800000| Untracked 
|  59|0x0000000422000000, 0x0000000422000000, 0x0000000422800000|  0%| F|  |TAMS 0x0000000422000000, 0x0000000422000000| Untracked 
|  60|0x0000000422800000, 0x0000000422800000, 0x0000000423000000|  0%| F|  |TAMS 0x0000000422800000, 0x0000000422800000| Untracked 
|  61|0x0000000423000000, 0x0000000423000000, 0x0000000423800000|  0%| F|  |TAMS 0x0000000423000000, 0x0000000423000000| Untracked 
|  62|0x0000000423800000, 0x0000000423800000, 0x0000000424000000|  0%| F|  |TAMS 0x0000000423800000, 0x0000000423800000| Untracked 
|  63|0x0000000424000000, 0x0000000424000000, 0x0000000424800000|  0%| F|  |TAMS 0x0000000424000000, 0x0000000424000000| Untracked 
|  64|0x0000000424800000, 0x0000000424800000, 0x0000000425000000|  0%| F|  |TAMS 0x0000000424800000, 0x0000000424800000| Untracked 
|  65|0x0000000425000000, 0x0000000425000000, 0x0000000425800000|  0%| F|  |TAMS 0x0000000425000000, 0x0000000425000000| Untracked 
|  66|0x0000000425800000, 0x0000000425800000, 0x0000000426000000|  0%| F|  |TAMS 0x0000000425800000, 0x0000000425800000| Untracked 
|  67|0x0000000426000000, 0x0000000426000000, 0x0000000426800000|  0%| F|  |TAMS 0x0000000426000000, 0x0000000426000000| Untracked 
|  68|0x0000000426800000, 0x0000000426800000, 0x0000000427000000|  0%| F|  |TAMS 0x0000000426800000, 0x0000000426800000| Untracked 
|  69|0x0000000427000000, 0x0000000427000000, 0x0000000427800000|  0%| F|  |TAMS 0x0000000427000000, 0x0000000427000000| Untracked 
|  70|0x0000000427800000, 0x0000000427800000, 0x0000000428000000|  0%| F|  |TAMS 0x0000000427800000, 0x0000000427800000| Untracked 
|  71|0x0000000428000000, 0x0000000428000000, 0x0000000428800000|  0%| F|  |TAMS 0x0000000428000000, 0x0000000428000000| Untracked 
|  72|0x0000000428800000, 0x0000000428800000, 0x0000000429000000|  0%| F|  |TAMS 0x0000000428800000, 0x0000000428800000| Untracked 
|  73|0x0000000429000000, 0x0000000429000000, 0x0000000429800000|  0%| F|  |TAMS 0x0000000429000000, 0x0000000429000000| Untracked 
|  74|0x0000000429800000, 0x0000000429800000, 0x000000042a000000|  0%| F|  |TAMS 0x0000000429800000, 0x0000000429800000| Untracked 
|  75|0x000000042a000000, 0x000000042a000000, 0x000000042a800000|  0%| F|  |TAMS 0x000000042a000000, 0x000000042a000000| Untracked 
|  76|0x000000042a800000, 0x000000042a800000, 0x000000042b000000|  0%| F|  |TAMS 0x000000042a800000, 0x000000042a800000| Untracked 
|  77|0x000000042b000000, 0x000000042b000000, 0x000000042b800000|  0%| F|  |TAMS 0x000000042b000000, 0x000000042b000000| Untracked 
|  78|0x000000042b800000, 0x000000042b800000, 0x000000042c000000|  0%| F|  |TAMS 0x000000042b800000, 0x000000042b800000| Untracked 
|  79|0x000000042c000000, 0x000000042c000000, 0x000000042c800000|  0%| F|  |TAMS 0x000000042c000000, 0x000000042c000000| Untracked 
|  80|0x000000042c800000, 0x000000042c800000, 0x000000042d000000|  0%| F|  |TAMS 0x000000042c800000, 0x000000042c800000| Untracked 
|  81|0x000000042d000000, 0x000000042d000000, 0x000000042d800000|  0%| F|  |TAMS 0x000000042d000000, 0x000000042d000000| Untracked 
|  82|0x000000042d800000, 0x000000042d800000, 0x000000042e000000|  0%| F|  |TAMS 0x000000042d800000, 0x000000042d800000| Untracked 
|  83|0x000000042e000000, 0x000000042e000000, 0x000000042e800000|  0%| F|  |TAMS 0x000000042e000000, 0x000000042e000000| Untracked 
|  84|0x000000042e800000, 0x000000042e800000, 0x000000042f000000|  0%| F|  |TAMS 0x000000042e800000, 0x000000042e800000| Untracked 
|  85|0x000000042f000000, 0x000000042f000000, 0x000000042f800000|  0%| F|  |TAMS 0x000000042f000000, 0x000000042f000000| Untracked 
|  86|0x000000042f800000, 0x000000042f800000, 0x0000000430000000|  0%| F|  |TAMS 0x000000042f800000, 0x000000042f800000| Untracked 
|  87|0x0000000430000000, 0x0000000430000000, 0x0000000430800000|  0%| F|  |TAMS 0x0000000430000000, 0x0000000430000000| Untracked 
|  88|0x0000000430800000, 0x0000000430800000, 0x0000000431000000|  0%| F|  |TAMS 0x0000000430800000, 0x0000000430800000| Untracked 
|  89|0x0000000431000000, 0x0000000431000000, 0x0000000431800000|  0%| F|  |TAMS 0x0000000431000000, 0x0000000431000000| Untracked 
|  90|0x0000000431800000, 0x0000000431800000, 0x0000000432000000|  0%| F|  |TAMS 0x0000000431800000, 0x0000000431800000| Untracked 
|  91|0x0000000432000000, 0x0000000432000000, 0x0000000432800000|  0%| F|  |TAMS 0x0000000432000000, 0x0000000432000000| Untracked 
|  92|0x0000000432800000, 0x0000000432800000, 0x0000000433000000|  0%| F|  |TAMS 0x0000000432800000, 0x0000000432800000| Untracked 
|  93|0x0000000433000000, 0x0000000433000000, 0x0000000433800000|  0%| F|  |TAMS 0x0000000433000000, 0x0000000433000000| Untracked 
|  94|0x0000000433800000, 0x0000000433800000, 0x0000000434000000|  0%| F|  |TAMS 0x0000000433800000, 0x0000000433800000| Untracked 
|  95|0x0000000434000000, 0x0000000434000000, 0x0000000434800000|  0%| F|  |TAMS 0x0000000434000000, 0x0000000434000000| Untracked 
|  96|0x0000000434800000, 0x0000000434800000, 0x0000000435000000|  0%| F|  |TAMS 0x0000000434800000, 0x0000000434800000| Untracked 
|  97|0x0000000435000000, 0x0000000435000000, 0x0000000435800000|  0%| F|  |TAMS 0x0000000435000000, 0x0000000435000000| Untracked 
|  98|0x0000000435800000, 0x0000000435800000, 0x0000000436000000|  0%| F|  |TAMS 0x0000000435800000, 0x0000000435800000| Untracked 
|  99|0x0000000436000000, 0x0000000436000000, 0x0000000436800000|  0%| F|  |TAMS 0x0000000436000000, 0x0000000436000000| Untracked 
| 100|0x0000000436800000, 0x0000000436800000, 0x0000000437000000|  0%| F|  |TAMS 0x0000000436800000, 0x0000000436800000| Untracked 
| 101|0x0000000437000000, 0x0000000437000000, 0x0000000437800000|  0%| F|  |TAMS 0x0000000437000000, 0x0000000437000000| Untracked 
| 102|0x0000000437800000, 0x0000000437800000, 0x0000000438000000|  0%| F|  |TAMS 0x0000000437800000, 0x0000000437800000| Untracked 
| 103|0x0000000438000000, 0x0000000438000000, 0x0000000438800000|  0%| F|  |TAMS 0x0000000438000000, 0x0000000438000000| Untracked 
| 104|0x0000000438800000, 0x0000000438800000, 0x0000000439000000|  0%| F|  |TAMS 0x0000000438800000, 0x0000000438800000| Untracked 
| 105|0x0000000439000000, 0x0000000439000000, 0x0000000439800000|  0%| F|  |TAMS 0x0000000439000000, 0x0000000439000000| Untracked 
| 106|0x0000000439800000, 0x0000000439800000, 0x000000043a000000|  0%| F|  |TAMS 0x0000000439800000, 0x0000000439800000| Untracked 
| 107|0x000000043a000000, 0x000000043a000000, 0x000000043a800000|  0%| F|  |TAMS 0x000000043a000000, 0x000000043a000000| Untracked 
| 108|0x000000043a800000, 0x000000043a800000, 0x000000043b000000|  0%| F|  |TAMS 0x000000043a800000, 0x000000043a800000| Untracked 
| 109|0x000000043b000000, 0x000000043b000000, 0x000000043b800000|  0%| F|  |TAMS 0x000000043b000000, 0x000000043b000000| Untracked 
| 110|0x000000043b800000, 0x000000043b800000, 0x000000043c000000|  0%| F|  |TAMS 0x000000043b800000, 0x000000043b800000| Untracked 
| 111|0x000000043c000000, 0x000000043c000000, 0x000000043c800000|  0%| F|  |TAMS 0x000000043c000000, 0x000000043c000000| Untracked 
| 112|0x000000043c800000, 0x000000043c800000, 0x000000043d000000|  0%| F|  |TAMS 0x000000043c800000, 0x000000043c800000| Untracked 
| 113|0x000000043d000000, 0x000000043d000000, 0x000000043d800000|  0%| F|  |TAMS 0x000000043d000000, 0x000000043d000000| Untracked 
| 114|0x000000043d800000, 0x000000043d800000, 0x000000043e000000|  0%| F|  |TAMS 0x000000043d800000, 0x000000043d800000| Untracked 
| 115|0x000000043e000000, 0x000000043e000000, 0x000000043e800000|  0%| F|  |TAMS 0x000000043e000000, 0x000000043e000000| Untracked 
| 116|0x000000043e800000, 0x000000043e800000, 0x000000043f000000|  0%| F|  |TAMS 0x000000043e800000, 0x000000043e800000| Untracked 
| 117|0x000000043f000000, 0x000000043f000000, 0x000000043f800000|  0%| F|  |TAMS 0x000000043f000000, 0x000000043f000000| Untracked 
| 118|0x000000043f800000, 0x000000043f800000, 0x0000000440000000|  0%| F|  |TAMS 0x000000043f800000, 0x000000043f800000| Untracked 
| 119|0x0000000440000000, 0x0000000440000000, 0x0000000440800000|  0%| F|  |TAMS 0x0000000440000000, 0x0000000440000000| Untracked 
| 120|0x0000000440800000, 0x0000000440800000, 0x0000000441000000|  0%| F|  |TAMS 0x0000000440800000, 0x0000000440800000| Untracked 
| 121|0x0000000441000000, 0x00000004415a59a8, 0x0000000441800000| 70%| E|  |TAMS 0x0000000441000000, 0x0000000441000000| Complete 
| 122|0x0000000441800000, 0x0000000441ad81a0, 0x0000000442000000| 35%| S|CS|TAMS 0x0000000441800000, 0x0000000441800000| Complete 
| 123|0x0000000442000000, 0x0000000442800000, 0x0000000442800000|100%| E|CS|TAMS 0x0000000442000000, 0x0000000442000000| Complete 
| 124|0x0000000442800000, 0x0000000443000000, 0x0000000443000000|100%| E|CS|TAMS 0x0000000442800000, 0x0000000442800000| Complete 
| 125|0x0000000443000000, 0x0000000443800000, 0x0000000443800000|100%| E|CS|TAMS 0x0000000443000000, 0x0000000443000000| Complete 
| 126|0x0000000443800000, 0x0000000444000000, 0x0000000444000000|100%| E|CS|TAMS 0x0000000443800000, 0x0000000443800000| Complete 
| 127|0x0000000444000000, 0x0000000444800000, 0x0000000444800000|100%| E|CS|TAMS 0x0000000444000000, 0x0000000444000000| Complete 

Card table byte_map: [0x000001b5f80b0000,0x000001b5fa090000] _byte_map_base: 0x000001b5f608c000

Marking Bits (Prev, Next): (CMBitMap*) 0x000001b5ec4a99e0, (CMBitMap*) 0x000001b5ec4a9a20
 Prev Bits: [0x000001b58f000000, 0x000001b59eee0000)
 Next Bits: [0x000001b59eee0000, 0x000001b5aedc0000)

Polling page: 0x000001b5ea380000

Metaspace:

Usage:
  Non-class:     14.87 MB used.
      Class:      1.88 MB used.
       Both:     16.75 MB used.

Virtual space:
  Non-class space:       16.00 MB reserved,      15.00 MB ( 94%) committed,  2 nodes.
      Class space:        1.00 GB reserved,       2.00 MB ( <1%) committed,  1 nodes.
              Both:        1.02 GB reserved,      17.00 MB (  2%) committed. 

Chunk freelists:
   Non-Class:  400.00 KB
       Class:  2.04 MB
        Both:  2.43 MB

MaxMetaspaceSize: 17179869184.00 GB
CompressedClassSpaceSize: 1.00 GB
 - commit_granule_bytes: 65536.
 - commit_granule_words: 8192.
 - virtual_space_node_default_size: 1048576.
 - enlarge_chunks_in_place: 1.
 - new_chunks_are_fully_committed: 0.
 - uncommit_free_chunks: 1.
 - use_allocation_guard: 0.
 - handle_deallocations: 1.


Internal statistics:

num_allocs_failed_limit: 0.
num_arena_births: 98.
num_arena_deaths: 0.
num_vsnodes_births: 3.
num_vsnodes_deaths: 0.
num_space_committed: 272.
num_space_uncommitted: 0.
num_chunks_returned_to_freelist: 0.
num_chunks_taken_from_freelist: 674.
num_chunk_merges: 0.
num_chunk_splits: 455.
num_chunks_enlarged: 362.
num_purges: 0.

CodeHeap 'non-profiled nmethods': size=118848Kb used=1903Kb max_used=1903Kb free=116944Kb
 bounds [0x000001b587bf0000, 0x000001b587e60000, 0x000001b58f000000]
CodeHeap 'profiled nmethods': size=118848Kb used=8444Kb max_used=8444Kb free=110404Kb
 bounds [0x000001b5807e0000, 0x000001b581020000, 0x000001b587bf0000]
CodeHeap 'non-nmethods': size=8064Kb used=3444Kb max_used=3493Kb free=4619Kb
 bounds [0x000001b580000000, 0x000001b580370000, 0x000001b5807e0000]
 total_blobs=4573 nmethods=4085 adapters=395
 compilation: enabled
              stopped_count=0, restarted_count=0
 full_count=0

Compilation events (20 events):
Event: 1.874 Thread 0x000001b5af04f3a0 nmethod 3904 0x000001b587db9d90 code [0x000001b587db9f20, 0x000001b587db9ff8]
Event: 1.877 Thread 0x000001b5affec9f0 3905       3       org.eclipse.aether.util.ConfigUtils::getString (12 bytes)
Event: 1.877 Thread 0x000001b5af04f3a0 3906       3       org.eclipse.aether.util.ConfigUtils::getString (54 bytes)
Event: 1.877 Thread 0x000001b5affec9f0 nmethod 3905 0x000001b580fc8810 code [0x000001b580fc89c0, 0x000001b580fc8b48]
Event: 1.877 Thread 0x000001b5af04f3a0 nmethod 3906 0x000001b580fc8c90 code [0x000001b580fc8e60, 0x000001b580fc9388]
Event: 1.881 Thread 0x000001b5b108b9f0 3907 %     4       java.util.Properties::load0 @ 29 (249 bytes)
Event: 1.881 Thread 0x000001b5affec9f0 3908       1       org.eclipse.aether.repository.RemoteRepository::getContentType (5 bytes)
Event: 1.881 Thread 0x000001b5affec9f0 nmethod 3908 0x000001b587dba090 code [0x000001b587dba220, 0x000001b587dba2f8]
Event: 1.881 Thread 0x000001b5af071d80 3909       3       java.util.regex.Matcher::find (35 bytes)
Event: 1.881 Thread 0x000001b5af04f3a0 3910       3       java.util.Formatter$FixedString::<init> (26 bytes)
Event: 1.881 Thread 0x000001b5aef40790 3911       3       java.util.Formatter$FixedString::print (26 bytes)
Event: 1.881 Thread 0x000001b5af04cd80 3912       3       java.lang.StringBuilder::append (8 bytes)
Event: 1.881 Thread 0x000001b5aef40790 nmethod 3911 0x000001b580fc9510 code [0x000001b580fc96c0, 0x000001b580fc98c8]
Event: 1.881 Thread 0x000001b5af04f3a0 nmethod 3910 0x000001b580fc9990 code [0x000001b580fc9b40, 0x000001b580fc9d78]
Event: 1.881 Thread 0x000001b5af04cd80 nmethod 3912 0x000001b580fc9e90 code [0x000001b580fca040, 0x000001b580fca1e8]
Event: 1.881 Thread 0x000001b5af071d80 nmethod 3909 0x000001b580fca310 code [0x000001b580fca500, 0x000001b580fca918]
Event: 1.883 Thread 0x000001b5b10bcc50 3913       4       java.lang.StringBuilder::<init> (6 bytes)
Event: 1.884 Thread 0x000001b5af04cd80 3914       3       org.eclipse.aether.DefaultRepositorySystemSession::getLocalRepository (20 bytes)
Event: 1.885 Thread 0x000001b5af04cd80 nmethod 3914 0x000001b580fcaa90 code [0x000001b580fcac40, 0x000001b580fcaea8]
Event: 1.885 Thread 0x000001b5b10bcc50 nmethod 3913 0x000001b587dba390 code [0x000001b587dba520, 0x000001b587dba738]

GC Heap History (4 events):
Event: 0.586 GC heap before
{Heap before GC invocations=0 (full 0):
 garbage-first heap   total 1048576K, used 49152K [0x0000000404800000, 0x0000000800000000)
  region size 8192K, 6 young (49152K), 0 survivors (0K)
 Metaspace       used 7448K, committed 7680K, reserved 1056768K
  class space    used 835K, committed 960K, reserved 1048576K
}
Event: 0.590 GC heap after
{Heap after GC invocations=1 (full 0):
 garbage-first heap   total 1048576K, used 4212K [0x0000000404800000, 0x0000000800000000)
  region size 8192K, 1 young (8192K), 1 survivors (8192K)
 Metaspace       used 7448K, committed 7680K, reserved 1056768K
  class space    used 835K, committed 960K, reserved 1048576K
}
Event: 1.201 GC heap before
{Heap before GC invocations=1 (full 0):
 garbage-first heap   total 1048576K, used 45172K [0x0000000404800000, 0x0000000800000000)
  region size 8192K, 6 young (49152K), 1 survivors (8192K)
 Metaspace       used 13350K, committed 13568K, reserved 1064960K
  class space    used 1562K, committed 1664K, reserved 1048576K
}
Event: 1.204 GC heap after
{Heap after GC invocations=2 (full 0):
 garbage-first heap   total 1048576K, used 6897K [0x0000000404800000, 0x0000000800000000)
  region size 8192K, 1 young (8192K), 1 survivors (8192K)
 Metaspace       used 13350K, committed 13568K, reserved 1064960K
  class space    used 1562K, committed 1664K, reserved 1048576K
}

Deoptimization events (20 events):
Event: 1.845 Thread 0x000001b5ec3f0630 DEOPT PACKING pc=0x000001b587dab934 sp=0x00000054de0fcba0
Event: 1.845 Thread 0x000001b5ec3f0630 DEOPT UNPACKING pc=0x000001b58004d72e sp=0x00000054de0fcb30 mode 2
Event: 1.845 Thread 0x000001b5ec3f0630 Uncommon trap: trap_request=0xffffffbe fr.pc=0x000001b587dab934 relative=0x0000000000000af4
Event: 1.845 Thread 0x000001b5ec3f0630 Uncommon trap: reason=profile_predicate action=maybe_recompile pc=0x000001b587dab934 method=java.util.regex.Pattern$CharPropertyGreedy.match(Ljava/util/regex/Matcher;ILjava/lang/CharSequence;)Z @ 103 c2
Event: 1.845 Thread 0x000001b5ec3f0630 DEOPT PACKING pc=0x000001b587dab934 sp=0x00000054de0fccd0
Event: 1.845 Thread 0x000001b5ec3f0630 DEOPT UNPACKING pc=0x000001b58004d72e sp=0x00000054de0fcc60 mode 2
Event: 1.845 Thread 0x000001b5ec3f0630 Uncommon trap: trap_request=0xffffffbe fr.pc=0x000001b587dab934 relative=0x0000000000000af4
Event: 1.845 Thread 0x000001b5ec3f0630 Uncommon trap: reason=profile_predicate action=maybe_recompile pc=0x000001b587dab934 method=java.util.regex.Pattern$CharPropertyGreedy.match(Ljava/util/regex/Matcher;ILjava/lang/CharSequence;)Z @ 103 c2
Event: 1.845 Thread 0x000001b5ec3f0630 DEOPT PACKING pc=0x000001b587dab934 sp=0x00000054de0fcb70
Event: 1.845 Thread 0x000001b5ec3f0630 DEOPT UNPACKING pc=0x000001b58004d72e sp=0x00000054de0fcb00 mode 2
Event: 1.845 Thread 0x000001b5ec3f0630 Uncommon trap: trap_request=0xffffffbe fr.pc=0x000001b587dab934 relative=0x0000000000000af4
Event: 1.845 Thread 0x000001b5ec3f0630 Uncommon trap: reason=profile_predicate action=maybe_recompile pc=0x000001b587dab934 method=java.util.regex.Pattern$CharPropertyGreedy.match(Ljava/util/regex/Matcher;ILjava/lang/CharSequence;)Z @ 103 c2
Event: 1.845 Thread 0x000001b5ec3f0630 DEOPT PACKING pc=0x000001b587dab934 sp=0x00000054de0fcb70
Event: 1.845 Thread 0x000001b5ec3f0630 DEOPT UNPACKING pc=0x000001b58004d72e sp=0x00000054de0fcb00 mode 2
Event: 1.867 Thread 0x000001b5ec3f0630 Uncommon trap: trap_request=0xffffff45 fr.pc=0x000001b587d3b8b8 relative=0x0000000000002638
Event: 1.867 Thread 0x000001b5ec3f0630 Uncommon trap: reason=unstable_if action=reinterpret pc=0x000001b587d3b8b8 method=org.codehaus.plexus.util.xml.pull.MXParser.isS(C)Z @ 21 c2
Event: 1.867 Thread 0x000001b5ec3f0630 DEOPT PACKING pc=0x000001b587d3b8b8 sp=0x00000054de0fcf90
Event: 1.867 Thread 0x000001b5ec3f0630 DEOPT UNPACKING pc=0x000001b58004d72e sp=0x00000054de0fcee0 mode 2
Event: 1.877 Thread 0x000001b5ec3f0630 DEOPT PACKING pc=0x000001b580ef2f8b sp=0x00000054de0fd1c0
Event: 1.877 Thread 0x000001b5ec3f0630 DEOPT UNPACKING pc=0x000001b58004dece sp=0x00000054de0fc6e0 mode 0

Classes unloaded (0 events):
No events

Classes redefined (0 events):
No events

Internal exceptions (20 events):
Event: 0.341 Thread 0x000001b5ec3f0630 Exception <a 'java/lang/NoSuchMethodError'{0x0000000442c05138}: 'java.lang.Object java.lang.invoke.DirectMethodHandle$Holder.newInvokeSpecial(java.lang.Object, java.lang.Object, java.lang.Object, java.lang.Object, java.lang.Object)'> (0x0000000442c05138) 
thrown [c:\wsjdk\correttojdksrc\installers\windows\zip\corretto-build\buildroot\src\hotspot\share\interpreter\linkResolver.cpp, line 790]
Event: 0.355 Thread 0x000001b5ec3f0630 Exception <a 'java/lang/NoSuchMethodError'{0x0000000442d1e488}: 'int java.lang.invoke.DirectMethodHandle$Holder.invokeStaticInit(java.lang.Object, java.lang.Object)'> (0x0000000442d1e488) 
thrown [c:\wsjdk\correttojdksrc\installers\windows\zip\corretto-build\buildroot\src\hotspot\share\interpreter\linkResolver.cpp, line 790]
Event: 0.363 Thread 0x000001b5ec3f0630 Exception <a 'java/lang/NoClassDefFoundError'{0x0000000442d5b208}: javax/enterprise/inject/Typed> (0x0000000442d5b208) 
thrown [c:\wsjdk\correttojdksrc\installers\windows\zip\corretto-build\buildroot\src\hotspot\share\classfile\systemDictionary.cpp, line 245]
Event: 0.949 Thread 0x000001b5ec3f0630 Exception <a 'java/lang/NoSuchMethodError'{0x0000000442ce8848}: 'void java.lang.invoke.DirectMethodHandle$Holder.invokeStaticInit(java.lang.Object, java.lang.Object, java.lang.Object)'> (0x0000000442ce8848) 
thrown [c:\wsjdk\correttojdksrc\installers\windows\zip\corretto-build\buildroot\src\hotspot\share\interpreter\linkResolver.cpp, line 790]
Event: 0.964 Thread 0x000001b5ec3f0630 Implicit null exception at 0x000001b587c74bcc to 0x000001b587c74d2c
Event: 0.966 Thread 0x000001b5ec3f0630 Exception <a 'java/lang/NoSuchMethodError'{0x0000000442e213f0}: 'java.lang.Object java.lang.invoke.Invokers$Holder.invokeExact_MT(java.lang.Object, int, java.lang.Object)'> (0x0000000442e213f0) 
thrown [c:\wsjdk\correttojdksrc\installers\windows\zip\corretto-build\buildroot\src\hotspot\share\interpreter\linkResolver.cpp, line 790]
Event: 0.980 Thread 0x000001b5ec3f0630 Exception <a 'java/lang/NoSuchMethodError'{0x0000000442e9d9a8}: 'int java.lang.invoke.DirectMethodHandle$Holder.invokeSpecial(java.lang.Object, java.lang.Object, java.lang.Object, java.lang.Object)'> (0x0000000442e9d9a8) 
thrown [c:\wsjdk\correttojdksrc\installers\windows\zip\corretto-build\buildroot\src\hotspot\share\interpreter\linkResolver.cpp, line 790]
Event: 1.214 Thread 0x000001b5ec3f0630 Exception <a 'java/lang/NoClassDefFoundError'{0x00000004440624c8}: com/google/inject/servlet/ServletModuleTargetVisitor> (0x00000004440624c8) 
thrown [c:\wsjdk\correttojdksrc\installers\windows\zip\corretto-build\buildroot\src\hotspot\share\classfile\systemDictionary.cpp, line 245]
Event: 1.282 Thread 0x000001b5ec3f0630 Exception <a 'java/lang/NoSuchMethodError'{0x00000004444ecfa8}: 'void java.lang.invoke.DirectMethodHandle$Holder.invokeVirtual(java.lang.Object, java.lang.Object)'> (0x00000004444ecfa8) 
thrown [c:\wsjdk\correttojdksrc\installers\windows\zip\corretto-build\buildroot\src\hotspot\share\interpreter\linkResolver.cpp, line 790]
Event: 1.306 Thread 0x000001b5ec3f0630 Exception <a 'java/lang/NoSuchMethodError'{0x00000004445751f0}: 'java.lang.Object java.lang.invoke.DirectMethodHandle$Holder.invokeStaticInit(java.lang.Object, int, int, int, int)'> (0x00000004445751f0) 
thrown [c:\wsjdk\correttojdksrc\installers\windows\zip\corretto-build\buildroot\src\hotspot\share\interpreter\linkResolver.cpp, line 790]
Event: 1.383 Thread 0x000001b5ec3f0630 Implicit null exception at 0x000001b587cf30b4 to 0x000001b587cf6e4c
Event: 1.427 Thread 0x000001b5ec3f0630 Exception <a 'java/lang/NoSuchMethodError'{0x0000000443c6c918}: 'java.lang.Object java.lang.invoke.DirectMethodHandle$Holder.newInvokeSpecial(java.lang.Object, java.lang.Object, java.lang.Object, java.lang.Object, java.lang.Object, java.lang.Object)'> (0x0000000443c6c918) 
thrown [c:\wsjdk\correttojdksrc\installers\windows\zip\corretto-build\buildroot\src\hotspot\share\interpreter\linkResolver.cpp, line 790]
Event: 1.428 Thread 0x000001b5ec3f0630 Exception <a 'java/lang/NoSuchMethodError'{0x0000000443c744a0}: 'void java.lang.invoke.DirectMethodHandle$Holder.invokeSpecial(java.lang.Object, java.lang.Object, java.lang.Object, java.lang.Object, java.lang.Object)'> (0x0000000443c744a0) 
thrown [c:\wsjdk\correttojdksrc\installers\windows\zip\corretto-build\buildroot\src\hotspot\share\interpreter\linkResolver.cpp, line 790]
Event: 1.441 Thread 0x000001b5ec3f0630 Exception <a 'java/lang/NoSuchMethodError'{0x0000000443cef670}: 'java.lang.Object java.lang.invoke.DirectMethodHandle$Holder.invokeVirtual(java.lang.Object, java.lang.Object, java.lang.Object)'> (0x0000000443cef670) 
thrown [c:\wsjdk\correttojdksrc\installers\windows\zip\corretto-build\buildroot\src\hotspot\share\interpreter\linkResolver.cpp, line 790]
Event: 1.444 Thread 0x000001b5ec3f0630 Exception <a 'java/lang/NoSuchMethodError'{0x0000000443cfec20}: 'void java.lang.invoke.DirectMethodHandle$Holder.invokeSpecial(java.lang.Object, java.lang.Object, java.lang.Object, java.lang.Object, java.lang.Object, java.lang.Object)'> (0x0000000443cfec20) 
thrown [c:\wsjdk\correttojdksrc\installers\windows\zip\corretto-build\buildroot\src\hotspot\share\interpreter\linkResolver.cpp, line 790]
Event: 1.670 Thread 0x000001b5ec3f0630 Exception <a 'java/lang/NoSuchMethodError'{0x0000000442a8a228}: 'int java.lang.invoke.DirectMethodHandle$Holder.invokeSpecialIFC(java.lang.Object, java.lang.Object, java.lang.Object, java.lang.Object)'> (0x0000000442a8a228) 
thrown [c:\wsjdk\correttojdksrc\installers\windows\zip\corretto-build\buildroot\src\hotspot\share\interpreter\linkResolver.cpp, line 790]
Event: 1.705 Thread 0x000001b5ec3f0630 Implicit null exception at 0x000001b587d11258 to 0x000001b587d112ee
Event: 1.707 Thread 0x000001b5ec3f0630 Implicit null exception at 0x000001b587c9248b to 0x000001b587c928b0
Event: 1.708 Thread 0x000001b5ec3f0630 Implicit null exception at 0x000001b587c5490b to 0x000001b587c54d14
Event: 1.709 Thread 0x000001b5ec3f0630 Implicit null exception at 0x000001b587cccd2f to 0x000001b587cccdad

Events (20 events):
Event: 1.563 loading class java/util/stream/MatchOps$MatchKind
Event: 1.563 loading class java/util/stream/MatchOps$MatchKind done
Event: 1.563 loading class java/util/stream/MatchOps
Event: 1.563 loading class java/util/stream/MatchOps done
Event: 1.563 loading class java/util/stream/MatchOps$MatchOp
Event: 1.563 loading class java/util/stream/MatchOps$MatchOp done
Event: 1.563 loading class java/util/stream/MatchOps$BooleanTerminalSink
Event: 1.563 loading class java/util/stream/MatchOps$BooleanTerminalSink done
Event: 1.563 loading class java/util/stream/MatchOps$1MatchSink
Event: 1.563 loading class java/util/stream/MatchOps$1MatchSink done
Event: 1.590 Executing  VM operation: HandshakeAllThreads
Event: 1.590 Executing  VM operation: HandshakeAllThreads done
Event: 1.689 loading class sun/nio/cs/ISO_8859_1$Decoder
Event: 1.689 loading class sun/nio/cs/ISO_8859_1$Decoder done
Event: 1.742 Executing  VM operation: ICBufferFull
Event: 1.742 Executing  VM operation: ICBufferFull done
Event: 1.864 loading class java/io/PrintWriter
Event: 1.864 loading class java/io/PrintWriter done
Event: 1.881 Executing  VM operation: ICBufferFull
Event: 1.881 Executing  VM operation: ICBufferFull done


Dynamic libraries:
0x00007ff673990000 - 0x00007ff67399d000 	C:\Users\Josh\.jdks\corretto-16.0.2\bin\java.exe
0x00007ffe35ec0000 - 0x00007ffe36126000 	C:\WINDOWS\SYSTEM32\ntdll.dll
0x00007ffdd38b0000 - 0x00007ffdd38cb000 	C:\Program Files\Avast Software\Avast\aswhook.dll
0x00007ffe35280000 - 0x00007ffe35349000 	C:\WINDOWS\System32\KERNEL32.DLL
0x00007ffe336d0000 - 0x00007ffe33a9c000 	C:\WINDOWS\System32\KERNELBASE.dll
0x00007ffe33aa0000 - 0x00007ffe33beb000 	C:\WINDOWS\System32\ucrtbase.dll
0x00007ffe1b390000 - 0x00007ffe1b3a5000 	C:\Users\Josh\.jdks\corretto-16.0.2\bin\VCRUNTIME140.dll
0x00007ffe1b370000 - 0x00007ffe1b388000 	C:\Users\Josh\.jdks\corretto-16.0.2\bin\jli.dll
0x00007ffe34110000 - 0x00007ffe342da000 	C:\WINDOWS\System32\USER32.dll
0x00007ffe16440000 - 0x00007ffe166da000 	C:\WINDOWS\WinSxS\amd64_microsoft.windows.common-controls_6595b64144ccf1df_6.0.26100.3912_none_3e07963ce335137e\COMCTL32.dll
0x00007ffe336a0000 - 0x00007ffe336c7000 	C:\WINDOWS\System32\win32u.dll
0x00007ffe34cc0000 - 0x00007ffe34d69000 	C:\WINDOWS\System32\msvcrt.dll
0x00007ffe35610000 - 0x00007ffe3563b000 	C:\WINDOWS\System32\GDI32.dll
0x00007ffe33340000 - 0x00007ffe33472000 	C:\WINDOWS\System32\gdi32full.dll
0x00007ffe33050000 - 0x00007ffe330f3000 	C:\WINDOWS\System32\msvcp_win.dll
0x00007ffe35e40000 - 0x00007ffe35e70000 	C:\WINDOWS\System32\IMM32.DLL
0x00007ffe08300000 - 0x00007ffe0839b000 	C:\Users\Josh\.jdks\corretto-16.0.2\bin\msvcp140.dll
0x00007ffd8f000000 - 0x00007ffd8fc09000 	C:\Users\Josh\.jdks\corretto-16.0.2\bin\server\jvm.dll
0x00007ffe35d80000 - 0x00007ffe35e32000 	C:\WINDOWS\System32\ADVAPI32.dll
0x00007ffe34af0000 - 0x00007ffe34b96000 	C:\WINDOWS\System32\sechost.dll
0x00007ffe34ba0000 - 0x00007ffe34cb6000 	C:\WINDOWS\System32\RPCRT4.dll
0x00007ffe35ae0000 - 0x00007ffe35ae8000 	C:\WINDOWS\System32\PSAPI.DLL
0x00007ffe12cd0000 - 0x00007ffe12cda000 	C:\WINDOWS\SYSTEM32\WSOCK32.dll
0x00007ffe24010000 - 0x00007ffe24046000 	C:\WINDOWS\SYSTEM32\WINMM.dll
0x00007ffe35350000 - 0x00007ffe353c4000 	C:\WINDOWS\System32\WS2_32.dll
0x00007ffe2c020000 - 0x00007ffe2c02b000 	C:\WINDOWS\SYSTEM32\VERSION.dll
0x00007ffe31f10000 - 0x00007ffe31f2a000 	C:\WINDOWS\SYSTEM32\kernel.appcore.dll
0x00007ffe1bb90000 - 0x00007ffe1bb9a000 	C:\Users\Josh\.jdks\corretto-16.0.2\bin\jimage.dll
0x00007ffe233c0000 - 0x00007ffe23601000 	C:\WINDOWS\SYSTEM32\DBGHELP.DLL
0x00007ffe33d80000 - 0x00007ffe34104000 	C:\WINDOWS\System32\combase.dll
0x00007ffe33c80000 - 0x00007ffe33d60000 	C:\WINDOWS\System32\OLEAUT32.dll
0x00007ffe23380000 - 0x00007ffe233b9000 	C:\WINDOWS\SYSTEM32\dbgcore.DLL
0x00007ffe33600000 - 0x00007ffe33699000 	C:\WINDOWS\System32\bcryptPrimitives.dll
0x00007ffe1b550000 - 0x00007ffe1b55e000 	C:\Users\Josh\.jdks\corretto-16.0.2\bin\instrument.dll
0x00007ffe086f0000 - 0x00007ffe08715000 	C:\Users\Josh\.jdks\corretto-16.0.2\bin\java.dll
0x00007ffe34340000 - 0x00007ffe34a6d000 	C:\WINDOWS\System32\SHELL32.dll
0x00007ffe33480000 - 0x00007ffe335f4000 	C:\WINDOWS\System32\wintypes.dll
0x00007ffe30cc0000 - 0x00007ffe31516000 	C:\WINDOWS\SYSTEM32\windows.storage.dll
0x00007ffe356e0000 - 0x00007ffe357cf000 	C:\WINDOWS\System32\SHCORE.dll
0x00007ffe34a80000 - 0x00007ffe34ae9000 	C:\WINDOWS\System32\shlwapi.dll
0x00007ffe32f60000 - 0x00007ffe32f8f000 	C:\WINDOWS\SYSTEM32\profapi.dll
0x00007ffe0c0e0000 - 0x00007ffe0c0f8000 	C:\Users\Josh\.jdks\corretto-16.0.2\bin\zip.dll
0x00007ffe086d0000 - 0x00007ffe086e9000 	C:\Users\Josh\.jdks\corretto-16.0.2\bin\net.dll
0x00007ffe2bb70000 - 0x00007ffe2bc8e000 	C:\WINDOWS\SYSTEM32\WINHTTP.dll
0x00007ffe324a0000 - 0x00007ffe3250a000 	C:\WINDOWS\system32\mswsock.dll
0x00007ffe086b0000 - 0x00007ffe086c3000 	C:\Users\Josh\.jdks\corretto-16.0.2\bin\nio.dll
0x00007ffe08490000 - 0x00007ffe084aa000 	C:\Program Files\JetBrains\IntelliJ IDEA Community Edition 2024.2\bin\breakgen64.dll
0x00007ffe08460000 - 0x00007ffe08484000 	C:\Users\Josh\AppData\Local\Temp\jansi-2.4.1-c00afa8f364d800d-jansi.dll
0x00007ffe14df0000 - 0x00007ffe14e00000 	C:\Users\Josh\.jdks\corretto-16.0.2\bin\verify.dll

dbghelp: loaded successfully - version: 4.0.5 - missing functions: none
symbol engine: initialized successfully - sym options: 0x614 - pdb path: .;C:\Users\Josh\.jdks\corretto-16.0.2\bin;C:\WINDOWS\SYSTEM32;C:\Program Files\Avast Software\Avast;C:\WINDOWS\WinSxS\amd64_microsoft.windows.common-controls_6595b64144ccf1df_6.0.26100.3912_none_3e07963ce335137e;C:\Users\Josh\.jdks\corretto-16.0.2\bin\server;C:\Program Files\JetBrains\IntelliJ IDEA Community Edition 2024.2\bin;C:\Users\Josh\AppData\Local\Temp

VM Arguments:
jvm_args: -Dmaven.multiModuleProjectDirectory=D:\Coding\Projects\Java\Minecraft\Plugins\ChestShop-3 -Djansi.passthrough=true -Dmaven.home=C:\Program Files\JetBrains\IntelliJ IDEA Community Edition 2024.2\plugins\maven\lib\maven3 -Dclassworlds.conf=C:\Program Files\JetBrains\IntelliJ IDEA Community Edition 2024.2\plugins\maven\lib\maven3\bin\m2.conf -Dmaven.ext.class.path=C:\Program Files\JetBrains\IntelliJ IDEA Community Edition 2024.2\plugins\maven\lib\maven-event-listener.jar -javaagent:C:\Program Files\JetBrains\IntelliJ IDEA Community Edition 2024.2\lib\idea_rt.jar=54865:C:\Program Files\JetBrains\IntelliJ IDEA Community Edition 2024.2\bin -Dfile.encoding=UTF-8 
java_command: org.codehaus.classworlds.Launcher -Didea.version=2024.2 package
java_class_path (initial): C:\Program Files\JetBrains\IntelliJ IDEA Community Edition 2024.2\plugins\maven\lib\maven3\boot\plexus-classworlds-2.8.0.jar;C:\Program Files\JetBrains\IntelliJ IDEA Community Edition 2024.2\plugins\maven\lib\maven3\boot\plexus-classworlds.license
Launcher Type: SUN_STANDARD

[Global flags]
     intx CICompilerCount                          = 15                                        {product} {ergonomic}
     uint ConcGCThreads                            = 6                                         {product} {ergonomic}
     uint G1ConcRefinementThreads                  = 23                                        {product} {ergonomic}
   size_t G1HeapRegionSize                         = 8388608                                   {product} {ergonomic}
    uintx GCDrainStackTargetSize                   = 64                                        {product} {ergonomic}
   size_t InitialHeapSize                          = 1073741824                                {product} {ergonomic}
   size_t MarkStackSize                            = 4194304                                   {product} {ergonomic}
   size_t MaxHeapSize                              = 17104371712                               {product} {ergonomic}
   size_t MaxNewSize                               = 10259267584                               {product} {ergonomic}
   size_t MinHeapDeltaBytes                        = 8388608                                   {product} {ergonomic}
   size_t MinHeapSize                              = 8388608                                   {product} {ergonomic}
    uintx NonNMethodCodeHeapSize                   = 8192380                                {pd product} {ergonomic}
    uintx NonProfiledCodeHeapSize                  = 121732930                              {pd product} {ergonomic}
    uintx ProfiledCodeHeapSize                     = 121732930                              {pd product} {ergonomic}
    uintx ReservedCodeCacheSize                    = 251658240                              {pd product} {ergonomic}
     bool SegmentedCodeCache                       = true                                      {product} {ergonomic}
   size_t SoftMaxHeapSize                          = 17104371712                            {manageable} {ergonomic}
     bool UseCompressedClassPointers               = true                           {product lp64_product} {ergonomic}
     bool UseCompressedOops                        = true                           {product lp64_product} {ergonomic}
     bool UseG1GC                                  = true                                      {product} {ergonomic}
     bool UseLargePagesIndividualAllocation        = false                                  {pd product} {ergonomic}

Logging:
Log output configuration:
 #0: stdout all=warning uptime,level,tags
 #1: stderr all=off uptime,level,tags

Environment Variables:
PATH=C:\Program Files\Common Files\Oracle\Java\javapath;C:\WINDOWS\system32;C:\WINDOWS;C:\WINDOWS\System32\Wbem;C:\WINDOWS\System32\WindowsPowerShell\v1.0\;C:\WINDOWS\System32\OpenSSH\;C:\Program Files\dotnet\;D:\Coding\Maven\apache-maven-3.9.8\bin;C:\Program Files\PuTTY\;C:\Program Files\Git\cmd;C:\Users\Josh\AppData\Local\Microsoft\WindowsApps;C:\Users\Josh\AppData\Local\GitHubDesktop\bin;
USERNAME=Josh
OS=Windows_NT
PROCESSOR_IDENTIFIER=Intel64 Family 6 Model 183 Stepping 1, GenuineIntel



---------------  S Y S T E M  ---------------

OS:
 Windows 10 , 64 bit Build 26100 (10.0.26100.3912)
OS uptime: 0 days 19:06 hours
Hyper-V role detected

CPU: total 32 (initial active 32) (16 cores per cpu, 2 threads per core) family 6 model 183 stepping 1 microcode 0x125, cx8, cmov, fxsr, ht, mmx, 3dnowpref, sse, sse2, sse3, ssse3, sse4.1, sse4.2, popcnt, lzcnt, tsc, tscinvbit, avx, avx2, aes, erms, clmul, bmi1, bmi2, adx, sha, fma, vzeroupper, clflush, clflushopt, clwb, hv

Memory: 4k page, system-wide physical 65243M (38249M free)
TotalPageFile size 88795M (AvailPageFile size 52005M)
current process WorkingSet (physical memory assigned to process): 162M, peak: 162M
current process commit charge ("private bytes"): 1236M, peak: 1236M

vm_info: OpenJDK 64-Bit Server VM (16.0.2+7) for windows-amd64 JRE (16.0.2+7), built on Jul 22 2021 01:11:46 by "Administrator" with MS VC++ 15.9 (VS2017)

END.
